<?xml version="1.0" encoding="UTF-8"?>
<testng-results skipped="0" failed="0" total="2" passed="2">
  <reporter-output>
  </reporter-output>
  <suite name="General TestSuite" duration-ms="0" started-at="2015-05-07T10:32:49Z" finished-at="2015-05-07T10:32:49Z">
    <groups>
    </groups>
  </suite> <!-- General TestSuite -->
  <suite name="Suite1" duration-ms="19" started-at="2015-05-07T10:32:49Z" finished-at="2015-05-07T10:32:49Z">
    <groups>
      <group name="fast">
        <method signature="SimpleTest1.aFastTest()[pri:0, instance:de.telekom.pni.rmstest.backend.testng.test.SimpleTest1@548a9f61]" name="aFastTest" class="de.telekom.pni.rmstest.backend.testng.test.SimpleTest1"/>
      </group> <!-- fast -->
      <group name="slow">
        <method signature="SimpleTest1.aSlowTest()[pri:0, instance:de.telekom.pni.rmstest.backend.testng.test.SimpleTest1@548a9f61]" name="aSlowTest" class="de.telekom.pni.rmstest.backend.testng.test.SimpleTest1"/>
      </group> <!-- slow -->
    </groups>
    <test name="Regression_Class1" duration-ms="19" started-at="2015-05-07T10:32:49Z" finished-at="2015-05-07T10:32:49Z">
      <class name="de.telekom.pni.rmstest.backend.testng.test.SimpleTest1">
        <test-method status="PASS" signature="setUp()[pri:0, instance:de.telekom.pni.rmstest.backend.testng.test.SimpleTest1@548a9f61]" name="setUp" is-config="true" duration-ms="7" started-at="2015-05-07T12:32:49Z" finished-at="2015-05-07T12:32:49Z">
          <reporter-output>
          </reporter-output>
        </test-method> <!-- setUp -->
        <test-method status="PASS" signature="aFastTest()[pri:0, instance:de.telekom.pni.rmstest.backend.testng.test.SimpleTest1@548a9f61]" name="aFastTest" duration-ms="2" started-at="2015-05-07T12:32:49Z" finished-at="2015-05-07T12:32:49Z">
          <reporter-output>
          </reporter-output>
        </test-method> <!-- aFastTest -->
        <test-method status="PASS" signature="aSlowTest()[pri:0, instance:de.telekom.pni.rmstest.backend.testng.test.SimpleTest1@548a9f61]" name="aSlowTest" duration-ms="1" started-at="2015-05-07T12:32:49Z" finished-at="2015-05-07T12:32:49Z">
          <reporter-output>
          </reporter-output>
        </test-method> <!-- aSlowTest -->
      </class> <!-- de.telekom.pni.rmstest.backend.testng.test.SimpleTest1 -->
    </test> <!-- Regression_Class1 -->
  </suite> <!-- Suite1 -->
</testng-results>
